1549540359572:hello
1549540387569:Add array numbers
1549540435755:help
1549540444309:add
1549540474739:add -- a 2
1549540491769:add --a3
1549540496743:add 5
1549540502109:add 5 4
1549540507564:clear
1549540513855:hello-world
1549540517511:quote
1549540525615:quote --text "hello"
1549540597068:add --a "5" --b "4"
1549540602782:help
1549540620947:fail
1549540628041:add help
1549540636100:add 4,5
1549540641071:add 4 5
1549540665032:add 4 5 6
1549540741428:add-doubles 2.3 3.4 5.6
1549540748207:exit
